Build started 8/7/2014 8:11:29 PM.
     1>Project "E:\CEPS\Prototypes\winspool\winspool\winspool.vcxproj" on node 2 (rebuild target(s)).
     1>PrepareForBuild:
         Creating directory "E:\CEPS\Prototypes\winspool\Debug\".
       InitializeBuildStatus:
         Creating "Debug\winspool.unsuccessfulbuild" because "AlwaysCreate" was specified.
       ClCompile:
         C:\Program Files (x86)\Microsoft Visual Studio 10.0\VC\bin\CL.exe /c /ZI /nologo /W3 /WX- /Od /Oy- /D WIN32 /D _DEBUG /D _WINDOWS /D _USRDLL /D WINSPOOL_EXPORTS /D _WINDLL /D _UNICODE /D UNICODE /Gm /EHsc /RTC1 /MDd /GS /fp:precise /Zc:wchar_t /Zc:forScope /Yc"StdAfx.h" /Fp"Debug\winspool.pch" /Fo"Debug\\" /Fd"Debug\vc100.pdb" /Gd /TP /analyze- /errorReport:prompt stdafx.cpp
         stdafx.cpp
         C:\Program Files (x86)\Microsoft Visual Studio 10.0\VC\bin\CL.exe /c /ZI /nologo /W3 /WX- /Od /Oy- /D WIN32 /D _DEBUG /D _WINDOWS /D _USRDLL /D WINSPOOL_EXPORTS /D _WINDLL /D _UNICODE /D UNICODE /Gm /EHsc /RTC1 /MDd /GS /fp:precise /Zc:wchar_t /Zc:forScope /Fo"Debug\\" /Fd"Debug\vc100.pdb" /Gd /TP /analyze- /errorReport:prompt dllmain.cpp
         dllmain.cpp
         C:\Program Files (x86)\Microsoft Visual Studio 10.0\VC\bin\CL.exe /c /ZI /nologo /W3 /WX- /Od /Oy- /D WIN32 /D _DEBUG /D _WINDOWS /D _USRDLL /D WINSPOOL_EXPORTS /D _WINDLL /D _UNICODE /D UNICODE /Gm /EHsc /RTC1 /MDd /GS /fp:precise /Zc:wchar_t /Zc:forScope /Yu"StdAfx.h" /Fp"Debug\winspool.pch" /Fo"Debug\\" /Fd"Debug\vc100.pdb" /Gd /TP /analyze- /errorReport:prompt winspool.cpp
         winspool.cpp
     1>e:\ceps\prototypes\winspool\winspool\winspool.cpp(48): warning C4101: 'pname' : unreferenced local variable
     1>e:\ceps\prototypes\winspool\winspool\winspool.cpp(100): warning C4996: 'wcstombs': This function or variable may be unsafe. Consider using wcstombs_s instead. To disable deprecation, use _CRT_SECURE_NO_WARNINGS. See online help for details.
                 c:\program files (x86)\microsoft visual studio 10.0\vc\include\stdlib.h(533) : see declaration of 'wcstombs'
     1>e:\ceps\prototypes\winspool\winspool\winspool.cpp(138): warning C4996: 'wcstombs': This function or variable may be unsafe. Consider using wcstombs_s instead. To disable deprecation, use _CRT_SECURE_NO_WARNINGS. See online help for details.
                 c:\program files (x86)\microsoft visual studio 10.0\vc\include\stdlib.h(533) : see declaration of 'wcstombs'
     1>e:\ceps\prototypes\winspool\winspool\winspool.cpp(149): warning C4996: 'strcpy': This function or variable may be unsafe. Consider using strcpy_s instead. To disable deprecation, use _CRT_SECURE_NO_WARNINGS. See online help for details.
                 c:\program files (x86)\microsoft visual studio 10.0\vc\include\string.h(105) : see declaration of 'strcpy'
       ManifestResourceCompile:
         c:\Program Files (x86)\Microsoft SDKs\Windows\v7.0A\bin\rc.exe /nologo /fo"Debug\winspool.dll.embed.manifest.res" Debug\winspool_manifest.rc 
       Link:
         C:\Program Files (x86)\Microsoft Visual Studio 10.0\VC\bin\link.exe /ERRORREPORT:PROMPT /OUT:"E:\CEPS\Prototypes\winspool\Debug\winspool.dll" /INCREMENTAL /NOLOGO kernel32.lib user32.lib gdi32.lib winspool.lib comdlg32.lib advapi32.lib shell32.lib ole32.lib oleaut32.lib uuid.lib odbc32.lib odbccp32.lib /MANIFEST /ManifestFile:"Debug\winspool.dll.intermediate.manifest" /MANIFESTUAC:"level='asInvoker' uiAccess='false'" /DEBUG /PDB:"E:\CEPS\Prototypes\winspool\Debug\winspool.pdb" /SUBSYSTEM:WINDOWS /TLBID:1 /DYNAMICBASE /NXCOMPAT /IMPLIB:"E:\CEPS\Prototypes\winspool\Debug\winspool.lib" /MACHINE:X86 /DLL Debug\winspool.dll.embed.manifest.res
         Debug\dllmain.obj
         Debug\stdafx.obj
         Debug\winspool.obj
            Creating library E:\CEPS\Prototypes\winspool\Debug\winspool.lib and object E:\CEPS\Prototypes\winspool\Debug\winspool.exp
     1>LINK : fatal error LNK1123: failure during conversion to COFF: file invalid or corrupt
     1>Done Building Project "E:\CEPS\Prototypes\winspool\winspool\winspool.vcxproj" (rebuild target(s)) -- FAILED.

Build FAILED.

Time Elapsed 00:00:02.61
