S:\CEPS\PROTOTYPES\WINSPOOL - NODE\RELEASE\WINSPOOL.DLL
S:\CEPS\Prototypes\winspool - node\Release\winspool.exp
S:\CEPS\Prototypes\winspool - node\Release\winspool.lib
S:\CEPS\PROTOTYPES\WINSPOOL - NODE\RELEASE\WINSPOOL.PDB
S:\CEPS\Prototypes\winspool - node\winspool\Release\cl.command.1.tlog
S:\CEPS\Prototypes\winspool - node\winspool\Release\CL.read.1.tlog
S:\CEPS\Prototypes\winspool - node\winspool\Release\CL.write.1.tlog
S:\CEPS\PROTOTYPES\WINSPOOL - NODE\WINSPOOL\RELEASE\DLLMAIN.OBJ
S:\CEPS\Prototypes\winspool - node\winspool\Release\link.command.1.tlog
S:\CEPS\Prototypes\winspool - node\winspool\Release\link.read.1.tlog
S:\CEPS\Prototypes\winspool - node\winspool\Release\link.write.1.tlog
S:\CEPS\Prototypes\winspool - node\winspool\Release\mt.command.1.tlog
S:\CEPS\Prototypes\winspool - node\winspool\Release\mt.read.1.tlog
S:\CEPS\Prototypes\winspool - node\winspool\Release\mt.write.1.tlog
S:\CEPS\PROTOTYPES\WINSPOOL - NODE\WINSPOOL\RELEASE\STDAFX.OBJ
S:\CEPS\PROTOTYPES\WINSPOOL - NODE\WINSPOOL\RELEASE\VC100.PDB
S:\CEPS\PROTOTYPES\WINSPOOL - NODE\WINSPOOL\RELEASE\WINSPOOL.DLL.INTERMEDIATE.MANIFEST
S:\CEPS\PROTOTYPES\WINSPOOL - NODE\WINSPOOL\RELEASE\WINSPOOL.OBJ
S:\CEPS\PROTOTYPES\WINSPOOL - NODE\WINSPOOL\RELEASE\WINSPOOL.PCH
S:\CEPS\Prototypes\winspool - node\winspool\Release\winspool.write.1.tlog
