Build started 7/11/2018 6:52:35 PM.
     1>Project "S:\CEPS\Prototypes\printermgmt\winspool\winspool.vcxproj" on node 2 (rebuild target(s)).
     1>InitializeBuildStatus:
         Creating "x64\Release\printermgmt.unsuccessfulbuild" because "AlwaysCreate" was specified.
       ClCompile:
         C:\Program Files (x86)\Microsoft Visual Studio 10.0\VC\bin\x86_amd64\CL.exe /c /Zi /nologo /W3 /WX- /O2 /Oi /GL /D WIN32 /D NDEBUG /D _WINDOWS /D _USRDLL /D WINSPOOL_EXPORTS /D _CRT_SECURE_NO_WARNINGS /D _WINDLL /D _UNICODE /D UNICODE /Gm- /EHsc /MD /GS /Gy /fp:precise /Zc:wchar_t /Zc:forScope /Yc"StdAfx.h" /Fp"x64\Release\printermgmt.pch" /Fo"x64\Release\\" /Fd"x64\Release\vc100.pdb" /Gd /TP /errorReport:prompt stdafx.cpp
         stdafx.cpp
         C:\Program Files (x86)\Microsoft Visual Studio 10.0\VC\bin\x86_amd64\CL.exe /c /Zi /nologo /W3 /WX- /O2 /Oi /GL /D WIN32 /D NDEBUG /D _WINDOWS /D _USRDLL /D WINSPOOL_EXPORTS /D _CRT_SECURE_NO_WARNINGS /D _WINDLL /D _UNICODE /D UNICODE /Gm- /EHsc /MD /GS /Gy /fp:precise /Zc:wchar_t /Zc:forScope /Fo"x64\Release\\" /Fd"x64\Release\vc100.pdb" /Gd /TP /errorReport:prompt dllmain.cpp
         dllmain.cpp
         C:\Program Files (x86)\Microsoft Visual Studio 10.0\VC\bin\x86_amd64\CL.exe /c /Zi /nologo /W3 /WX- /O2 /Oi /GL /D WIN32 /D NDEBUG /D _WINDOWS /D _USRDLL /D WINSPOOL_EXPORTS /D _CRT_SECURE_NO_WARNINGS /D _WINDLL /D _UNICODE /D UNICODE /Gm- /EHsc /MD /GS /Gy /fp:precise /Zc:wchar_t /Zc:forScope /Yu"StdAfx.h" /Fp"x64\Release\printermgmt.pch" /Fo"x64\Release\\" /Fd"x64\Release\vc100.pdb" /Gd /TP /errorReport:prompt winspool.cpp
         winspool.cpp
       Link:
         C:\Program Files (x86)\Microsoft Visual Studio 10.0\VC\bin\x86_amd64\link.exe /ERRORREPORT:PROMPT /OUT:"S:\CEPS\Prototypes\printermgmt\x64\Release\printermgmt.dll" /INCREMENTAL:NO /NOLOGO kernel32.lib user32.lib gdi32.lib winspool.lib comdlg32.lib advapi32.lib shell32.lib ole32.lib oleaut32.lib uuid.lib odbc32.lib odbccp32.lib /MANIFEST /ManifestFile:"x64\Release\printermgmt.dll.intermediate.manifest" /MANIFESTUAC:"level='requireAdministrator' uiAccess='false'" /DEBUG /PDB:"S:\CEPS\Prototypes\printermgmt\x64\Release\printermgmt.pdb" /SUBSYSTEM:WINDOWS /OPT:REF /OPT:ICF /LTCG /TLBID:1 /DYNAMICBASE /NXCOMPAT /IMPLIB:"S:\CEPS\Prototypes\printermgmt\x64\Release\printermgmt.lib" /MACHINE:X64 /DLL x64\Release\dllmain.obj
         x64\Release\stdafx.obj
         x64\Release\winspool.obj
            Creating library S:\CEPS\Prototypes\printermgmt\x64\Release\printermgmt.lib and object S:\CEPS\Prototypes\printermgmt\x64\Release\printermgmt.exp
         Generating code
     1>s:\ceps\prototypes\printermgmt\winspool\winspool.cpp(397): warning C4715: 'GetLocalPrinters' : not all control paths return a value
         Finished generating code
         winspool.vcxproj -> S:\CEPS\Prototypes\printermgmt\x64\Release\printermgmt.dll
       Manifest:
         C:\Program Files (x86)\Microsoft SDKs\Windows\v7.0A\bin\mt.exe /nologo /verbose /outputresource:"S:\CEPS\Prototypes\printermgmt\x64\Release\printermgmt.dll;#2" /manifest x64\Release\printermgmt.dll.intermediate.manifest
       FinalizeBuildStatus:
         Deleting file "x64\Release\printermgmt.unsuccessfulbuild".
         Touching "x64\Release\printermgmt.lastbuildstate".
     1>Done Building Project "S:\CEPS\Prototypes\printermgmt\winspool\winspool.vcxproj" (rebuild target(s)).

Build succeeded.

Time Elapsed 00:00:03.35
