E:\CEPS\Prototypes\winspool\winspool\x64\Debug\cl.command.1.tlog
E:\CEPS\Prototypes\winspool\winspool\x64\Debug\CL.read.1.tlog
E:\CEPS\Prototypes\winspool\winspool\x64\Debug\CL.write.1.tlog
E:\CEPS\PROTOTYPES\WINSPOOL\WINSPOOL\X64\DEBUG\DLLMAIN.OBJ
E:\CEPS\Prototypes\winspool\winspool\x64\Debug\link.command.1.tlog
E:\CEPS\Prototypes\winspool\winspool\x64\Debug\link.read.1.tlog
E:\CEPS\Prototypes\winspool\winspool\x64\Debug\link.write.1.tlog
E:\CEPS\Prototypes\winspool\winspool\x64\Debug\mt.command.1.tlog
E:\CEPS\Prototypes\winspool\winspool\x64\Debug\mt.read.1.tlog
E:\CEPS\Prototypes\winspool\winspool\x64\Debug\mt.write.1.tlog
E:\CEPS\PROTOTYPES\WINSPOOL\WINSPOOL\X64\DEBUG\STDAFX.OBJ
E:\CEPS\Prototypes\winspool\winspool\x64\Debug\vc100.idb
E:\CEPS\PROTOTYPES\WINSPOOL\WINSPOOL\X64\DEBUG\VC100.PDB
E:\CEPS\PROTOTYPES\WINSPOOL\WINSPOOL\X64\DEBUG\WINSPOOL.DLL.INTERMEDIATE.MANIFEST
E:\CEPS\PROTOTYPES\WINSPOOL\WINSPOOL\X64\DEBUG\WINSPOOL.OBJ
E:\CEPS\PROTOTYPES\WINSPOOL\WINSPOOL\X64\DEBUG\WINSPOOL.PCH
E:\CEPS\Prototypes\winspool\winspool\x64\Debug\winspool.write.1.tlog
E:\CEPS\PROTOTYPES\WINSPOOL\X64\DEBUG\WINSPOOL.DLL
E:\CEPS\Prototypes\winspool\x64\Debug\winspool.exp
E:\CEPS\Prototypes\winspool\x64\Debug\winspool.lib
E:\CEPS\PROTOTYPES\WINSPOOL\X64\DEBUG\WINSPOOL.PDB
